<?xml version="1.0" encoding="UTF-8"?>
<testsuite xmlns:xsi="http://www.w3.org/2001/XMLSchema-instance" xsi:noNamespaceSchemaLocation="https://maven.apache.org/surefire/maven-surefire-plugin/xsd/surefire-test-report-3.0.xsd" version="3.0" name="com.vtn.Yame.YameApplicationTests" time="6.318" tests="1" errors="0" skipped="0" failures="0">
  <properties>
[...]
</properties>
  <testcase name="contextLoads" classname="com.vtn.Yame.YameApplicationTests" time="0.367">
    <system-out><![CDATA[09:55:46.852 [main] INFO org.springframework.test.context.support.AnnotationConfigContextLoaderUtils -- Could not detect default configuration classes for test class [com.vtn.Yame.YameApplicationTests]: YameApplicationTests does not declare any static, non-private, non-final, nested classes annotated with @Configuration.
09:55:46.940 [main] INFO org.springframework.boot.test.context.SpringBootTestContextBootstrapper -- Found @SpringBootConfiguration com.vtn.Yame.YameApplication for test class com.vtn.Yame.YameApplicationTests

 ____                                 _         ____  _       _    __                      
/ ___| __ _ _ __ ___  _   _ _ __   __| | __ _  |  _ \| | __ _| |_ / _| ___  _ __ _ __ ___  
| |   / _` | '_ ` _ \| | | | '_ \ / _` |/ _` | | |_) | |/ _` | __| |_ / _ \| '__| '_ ` _ \ 
| |__| (_| | | | | | | |_| | | | | (_| | (_| | |  __/| | (_| | |_|  _| (_) | |  | | | | | |
\____/\__,_|_| |_| |_|\__,_|_| |_|\__,_|\__,_| |_|   |_|\__,_|\__|_|  \___/|_|  |_| |_| |_|

  Spring-Boot:  (v3.3.5)
  Camunda Platform: (v7.19.0)
  Camunda Platform Spring Boot Starter: (v7.19.0)

2025-01-06T09:55:47.434+07:00  INFO 19852 --- [           main] com.vtn.Yame.YameApplicationTests        : Starting YameApplicationTests using Java 17.0.11 with PID 19852 (started by tuann in E:\FPT-Project-Intern\YameShop-BE)
2025-01-06T09:55:47.436+07:00  INFO 19852 --- [           main] com.vtn.Yame.YameApplicationTests        : No active profile set, falling back to 1 default profile: "default"
2025-01-06T09:55:48.165+07:00  INFO 19852 --- [           main] .s.d.r.c.RepositoryConfigurationDelegate : Bootstrapping Spring Data JPA repositories in DEFAULT mode.
2025-01-06T09:55:48.241+07:00  INFO 19852 --- [           main] .s.d.r.c.RepositoryConfigurationDelegate : Finished Spring Data repository scanning in 68 ms. Found 8 JPA repository interfaces.
2025-01-06T09:55:48.756+07:00  INFO 19852 --- [           main] o.hibernate.jpa.internal.util.LogHelper  : HHH000204: Processing PersistenceUnitInfo [name: default]
2025-01-06T09:55:48.814+07:00  INFO 19852 --- [           main] org.hibernate.Version                    : HHH000412: Hibernate ORM core version 6.5.3.Final
2025-01-06T09:55:48.847+07:00  INFO 19852 --- [           main] o.h.c.internal.RegionFactoryInitiator    : HHH000026: Second-level cache disabled
2025-01-06T09:55:48.962+07:00 DEBUG 19852 --- [           main] org.hibernate.type.BasicTypeRegistry     : Adding type registration boolean -> org.hibernate.type.BasicTypeReference@6744707b
2025-01-06T09:55:48.962+07:00 DEBUG 19852 --- [           main] org.hibernate.type.BasicTypeRegistry     : Adding type registration boolean -> org.hibernate.type.BasicTypeReference@6744707b
2025-01-06T09:55:48.962+07:00 DEBUG 19852 --- [           main] org.hibernate.type.BasicTypeRegistry     : Adding type registration java.lang.Boolean -> org.hibernate.type.BasicTypeReference@6744707b
2025-01-06T09:55:48.962+07:00 DEBUG 19852 --- [           main] org.hibernate.type.BasicTypeRegistry     : Adding type registration numeric_boolean -> org.hibernate.type.BasicTypeReference@4b28a7bf
2025-01-06T09:55:48.962+07:00 DEBUG 19852 --- [           main] org.hibernate.type.BasicTypeRegistry     : Adding type registration org.hibernate.type.NumericBooleanConverter -> org.hibernate.type.BasicTypeReference@4b28a7bf
2025-01-06T09:55:48.963+07:00 DEBUG 19852 --- [           main] org.hibernate.type.BasicTypeRegistry     : Adding type registration true_false -> org.hibernate.type.BasicTypeReference@d36c1c3
2025-01-06T09:55:48.963+07:00 DEBUG 19852 --- [           main] org.hibernate.type.BasicTypeRegistry     : Adding type registration org.hibernate.type.TrueFalseConverter -> org.hibernate.type.BasicTypeReference@d36c1c3
2025-01-06T09:55:48.963+07:00 DEBUG 19852 --- [           main] org.hibernate.type.BasicTypeRegistry     : Adding type registration yes_no -> org.hibernate.type.BasicTypeReference@96abc76
2025-01-06T09:55:48.963+07:00 DEBUG 19852 --- [           main] org.hibernate.type.BasicTypeRegistry     : Adding type registration org.hibernate.type.YesNoConverter -> org.hibernate.type.BasicTypeReference@96abc76
2025-01-06T09:55:48.963+07:00 DEBUG 19852 --- [           main] org.hibernate.type.BasicTypeRegistry     : Adding type registration byte -> org.hibernate.type.BasicTypeReference@4d69d288
2025-01-06T09:55:48.963+07:00 DEBUG 19852 --- [           main] org.hibernate.type.BasicTypeRegistry     : Adding type registration byte -> org.hibernate.type.BasicTypeReference@4d69d288
2025-01-06T09:55:48.963+07:00 DEBUG 19852 --- [           main] org.hibernate.type.BasicTypeRegistry     : Adding type registration java.lang.Byte -> org.hibernate.type.BasicTypeReference@4d69d288
2025-01-06T09:55:48.964+07:00 DEBUG 19852 --- [           main] org.hibernate.type.BasicTypeRegistry     : Adding type registration binary -> org.hibernate.type.BasicTypeReference@437281c5
2025-01-06T09:55:48.964+07:00 DEBUG 19852 --- [           main] org.hibernate.type.BasicTypeRegistry     : Adding type registration byte[] -> org.hibernate.type.BasicTypeReference@437281c5
2025-01-06T09:55:48.965+07:00 DEBUG 19852 --- [           main] org.hibernate.type.BasicTypeRegistry     : Adding type registration [B -> org.hibernate.type.BasicTypeReference@437281c5
2025-01-06T09:55:48.965+07:00 DEBUG 19852 --- [           main] org.hibernate.type.BasicTypeRegistry     : Adding type registration binary_wrapper -> org.hibernate.type.BasicTypeReference@27da994b
2025-01-06T09:55:48.965+07:00 DEBUG 19852 --- [           main] org.hibernate.type.BasicTypeRegistry     : Adding type registration wrapper-binary -> org.hibernate.type.BasicTypeReference@27da994b
2025-01-06T09:55:48.965+07:00 DEBUG 19852 --- [           main] org.hibernate.type.BasicTypeRegistry     : Adding type registration image -> org.hibernate.type.BasicTypeReference@70f148dc
2025-01-06T09:55:48.965+07:00 DEBUG 19852 --- [           main] org.hibernate.type.BasicTypeRegistry     : Adding type registration blob -> org.hibernate.type.BasicTypeReference@3360283
2025-01-06T09:55:48.965+07:00 DEBUG 19852 --- [           main] org.hibernate.type.BasicTypeRegistry     : Adding type registration java.sql.Blob -> org.hibernate.type.BasicTypeReference@3360283
2025-01-06T09:55:48.965+07:00 DEBUG 19852 --- [           main] org.hibernate.type.BasicTypeRegistry     : Adding type registration materialized_blob -> org.hibernate.type.BasicTypeReference@77aea
2025-01-06T09:55:48.965+07:00 DEBUG 19852 --- [           main] org.hibernate.type.BasicTypeRegistry     : Adding type registration materialized_blob_wrapper -> org.hibernate.type.BasicTypeReference@73e4bb60
2025-01-06T09:55:48.965+07:00 DEBUG 19852 --- [           main] org.hibernate.type.BasicTypeRegistry     : Adding type registration short -> org.hibernate.type.BasicTypeReference@9a9aa68
2025-01-06T09:55:48.965+07:00 DEBUG 19852 --- [           main] org.hibernate.type.BasicTypeRegistry     : Adding type registration short -> org.hibernate.type.BasicTypeReference@9a9aa68
2025-01-06T09:55:48.965+07:00 DEBUG 19852 --- [           main] org.hibernate.type.BasicTypeRegistry     : Adding type registration java.lang.Short -> org.hibernate.type.BasicTypeReference@9a9aa68
2025-01-06T09:55:48.966+07:00 DEBUG 19852 --- [           main] org.hibernate.type.BasicTypeRegistry     : Adding type registration integer -> org.hibernate.type.BasicTypeReference@3a3883c4
2025-01-06T09:55:48.966+07:00 DEBUG 19852 --- [           main] org.hibernate.type.BasicTypeRegistry     : Adding type registration int -> org.hibernate.type.BasicTypeReference@3a3883c4
2025-01-06T09:55:48.966+07:00 DEBUG 19852 --- [           main] org.hibernate.type.BasicTypeRegistry     : Adding type registration java.lang.Integer -> org.hibernate.type.BasicTypeReference@3a3883c4
2025-01-06T09:55:48.966+07:00 DEBUG 19852 --- [           main] org.hibernate.type.BasicTypeRegistry     : Adding type registration long -> org.hibernate.type.BasicTypeReference@1537e43
2025-01-06T09:55:48.966+07:00 DEBUG 19852 --- [           main] org.hibernate.type.BasicTypeRegistry     : Adding type registration long -> org.hibernate.type.BasicTypeReference@1537e43
2025-01-06T09:55:48.966+07:00 DEBUG 19852 --- [           main] org.hibernate.type.BasicTypeRegistry     : Adding type registration java.lang.Long -> org.hibernate.type.BasicTypeReference@1537e43
2025-01-06T09:55:48.966+07:00 DEBUG 19852 --- [           main] org.hibernate.type.BasicTypeRegistry     : Adding type registration float -> org.hibernate.type.BasicTypeReference@573aeab2
2025-01-06T09:55:48.966+07:00 DEBUG 19852 --- [           main] org.hibernate.type.BasicTypeRegistry     : Adding type registration float -> org.hibernate.type.BasicTypeReference@573aeab2
2025-01-06T09:55:48.966+07:00 DEBUG 19852 --- [           main] org.hibernate.type.BasicTypeRegistry     : Adding type registration java.lang.Float -> org.hibernate.type.BasicTypeReference@573aeab2
2025-01-06T09:55:48.966+07:00 DEBUG 19852 --- [           main] org.hibernate.type.BasicTypeRegistry     : Adding type registration double -> org.hibernate.type.BasicTypeReference@1304e0d7
2025-01-06T09:55:48.967+07:00 DEBUG 19852 --- [           main] org.hibernate.type.BasicTypeRegistry     : Adding type registration double -> org.hibernate.type.BasicTypeReference@1304e0d7
2025-01-06T09:55:48.967+07:00 DEBUG 19852 --- [           main] org.hibernate.type.BasicTypeRegistry     : Adding type registration java.lang.Double -> org.hibernate.type.BasicTypeReference@1304e0d7
2025-01-06T09:55:48.967+07:00 DEBUG 19852 --- [           main] org.hibernate.type.BasicTypeRegistry     : Adding type registration big_integer -> org.hibernate.type.BasicTypeReference@6ddc67d0
2025-01-06T09:55:48.967+07:00 DEBUG 19852 --- [           main] org.hibernate.type.BasicTypeRegistry     : Adding type registration java.math.BigInteger -> org.hibernate.type.BasicTypeReference@6ddc67d0
2025-01-06T09:55:48.967+07:00 DEBUG 19852 --- [           main] org.hibernate.type.BasicTypeRegistry     : Adding type registration big_decimal -> org.hibernate.type.BasicTypeReference@7767bd4e
2025-01-06T09:55:48.967+07:00 DEBUG 19852 --- [           main] org.hibernate.type.BasicTypeRegistry     : Adding type registration java.math.BigDecimal -> org.hibernate.type.BasicTypeReference@7767bd4e
2025-01-06T09:55:48.967+07:00 DEBUG 19852 --- [           main] org.hibernate.type.BasicTypeRegistry     : Adding type registration character -> org.hibernate.type.BasicTypeReference@7708b66a
2025-01-06T09:55:48.967+07:00 DEBUG 19852 --- [           main] org.hibernate.type.BasicTypeRegistry     : Adding type registration char -> org.hibernate.type.BasicTypeReference@7708b66a
2025-01-06T09:55:48.967+07:00 DEBUG 19852 --- [           main] org.hibernate.type.BasicTypeRegistry     : Adding type registration java.lang.Character -> org.hibernate.type.BasicTypeReference@7708b66a
2025-01-06T09:55:48.967+07:00 DEBUG 19852 --- [           main] org.hibernate.type.BasicTypeRegistry     : Adding type registration character_nchar -> org.hibernate.type.BasicTypeReference@433ef204
2025-01-06T09:55:48.967+07:00 DEBUG 19852 --- [           main] org.hibernate.type.BasicTypeRegistry     : Adding type registration string -> org.hibernate.type.BasicTypeReference@4dd2ef54
2025-01-06T09:55:48.967+07:00 DEBUG 19852 --- [           main] org.hibernate.type.BasicTypeRegistry     : Adding type registration java.lang.String -> org.hibernate.type.BasicTypeReference@4dd2ef54
2025-01-06T09:55:48.968+07:00 DEBUG 19852 --- [           main] org.hibernate.type.BasicTypeRegistry     : Adding type registration nstring -> org.hibernate.type.BasicTypeReference@795b66d
2025-01-06T09:55:48.968+07:00 DEBUG 19852 --- [           main] org.hibernate.type.BasicTypeRegistry     : Adding type registration characters -> org.hibernate.type.BasicTypeReference@359ceb13
2025-01-06T09:55:48.968+07:00 DEBUG 19852 --- [           main] org.hibernate.type.BasicTypeRegistry     : Adding type registration char[] -> org.hibernate.type.BasicTypeReference@359ceb13
2025-01-06T09:55:48.968+07:00 DEBUG 19852 --- [           main] org.hibernate.type.BasicTypeRegistry     : Adding type registration [C -> org.hibernate.type.BasicTypeReference@359ceb13
2025-01-06T09:55:48.968+07:00 DEBUG 19852 --- [           main] org.hibernate.type.BasicTypeRegistry     : Adding type registration wrapper-characters -> org.hibernate.type.BasicTypeReference@1068176
2025-01-06T09:55:48.968+07:00 DEBUG 19852 --- [           main] org.hibernate.type.BasicTypeRegistry     : Adding type registration text -> org.hibernate.type.BasicTypeReference@5bf4764d
2025-01-06T09:55:48.968+07:00 DEBUG 19852 --- [           main] org.hibernate.type.BasicTypeRegistry     : Adding type registration ntext -> org.hibernate.type.BasicTypeReference@71789580
2025-01-06T09:55:48.968+07:00 DEBUG 19852 --- [           main] org.hibernate.type.BasicTypeRegistry     : Adding type registration clob -> org.hibernate.type.BasicTypeReference@23ee2ccf
2025-01-06T09:55:48.968+07:00 DEBUG 19852 --- [           main] org.hibernate.type.BasicTypeRegistry     : Adding type registration java.sql.Clob -> org.hibernate.type.BasicTypeReference@23ee2ccf
2025-01-06T09:55:48.968+07:00 DEBUG 19852 --- [           main] org.hibernate.type.BasicTypeRegistry     : Adding type registration nclob -> org.hibernate.type.BasicTypeReference@165614f5
2025-01-06T09:55:48.968+07:00 DEBUG 19852 --- [           main] org.hibernate.type.BasicTypeRegistry     : Adding type registration java.sql.NClob -> org.hibernate.type.BasicTypeReference@165614f5
2025-01-06T09:55:48.968+07:00 DEBUG 19852 --- [           main] org.hibernate.type.BasicTypeRegistry     : Adding type registration materialized_clob -> org.hibernate.type.BasicTypeReference@6e685e6c
2025-01-06T09:55:48.969+07:00 DEBUG 19852 --- [           main] org.hibernate.type.BasicTypeRegistry     : Adding type registration materialized_clob_char_array -> org.hibernate.type.BasicTypeReference@5b0902b4
2025-01-06T09:55:48.969+07:00 DEBUG 19852 --- [           main] org.hibernate.type.BasicTypeRegistry     : Adding type registration materialized_clob_character_array -> org.hibernate.type.BasicTypeReference@9d3d54e
2025-01-06T09:55:48.969+07:00 DEBUG 19852 --- [           main] org.hibernate.type.BasicTypeRegistry     : Adding type registration materialized_nclob -> org.hibernate.type.BasicTypeReference@2f04993d
2025-01-06T09:55:48.969+07:00 DEBUG 19852 --- [           main] org.hibernate.type.BasicTypeRegistry     : Adding type registration materialized_nclob_character_array -> org.hibernate.type.BasicTypeReference@333398f
2025-01-06T09:55:48.969+07:00 DEBUG 19852 --- [           main] org.hibernate.type.BasicTypeRegistry     : Adding type registration materialized_nclob_char_array -> org.hibernate.type.BasicTypeReference@103c97ff
2025-01-06T09:55:48.969+07:00 DEBUG 19852 --- [           main] org.hibernate.type.BasicTypeRegistry     : Adding type registration Duration -> org.hibernate.type.BasicTypeReference@7d25913
2025-01-06T09:55:48.969+07:00 DEBUG 19852 --- [           main] org.hibernate.type.BasicTypeRegistry     : Adding type registration java.time.Duration -> org.hibernate.type.BasicTypeReference@7d25913
2025-01-06T09:55:48.969+07:00 DEBUG 19852 --- [           main] org.hibernate.type.BasicTypeRegistry     : Adding type registration LocalDateTime -> org.hibernate.type.BasicTypeReference@c14e5a5
2025-01-06T09:55:48.969+07:00 DEBUG 19852 --- [           main] org.hibernate.type.BasicTypeRegistry     : Adding type registration java.time.LocalDateTime -> org.hibernate.type.BasicTypeReference@c14e5a5
2025-01-06T09:55:48.969+07:00 DEBUG 19852 --- [           main] org.hibernate.type.BasicTypeRegistry     : Adding type registration LocalDate -> org.hibernate.type.BasicTypeReference@16f15ae9
2025-01-06T09:55:48.969+07:00 DEBUG 19852 --- [           main] org.hibernate.type.BasicTypeRegistry     : Adding type registration java.time.LocalDate -> org.hibernate.type.BasicTypeReference@16f15ae9
2025-01-06T09:55:48.969+07:00 DEBUG 19852 --- [           main] org.hibernate.type.BasicTypeRegistry     : Adding type registration LocalTime -> org.hibernate.type.BasicTypeReference@6206b4a7
2025-01-06T09:55:48.970+07:00 DEBUG 19852 --- [           main] org.hibernate.type.BasicTypeRegistry     : Adding type registration java.time.LocalTime -> org.hibernate.type.BasicTypeReference@6206b4a7
2025-01-06T09:55:48.970+07:00 DEBUG 19852 --- [           main] org.hibernate.type.BasicTypeRegistry     : Adding type registration OffsetDateTime -> org.hibernate.type.BasicTypeReference@77896335
2025-01-06T09:55:48.970+07:00 DEBUG 19852 --- [           main] org.hibernate.type.BasicTypeRegistry     : Adding type registration java.time.OffsetDateTime -> org.hibernate.type.BasicTypeReference@77896335
2025-01-06T09:55:48.970+07:00 DEBUG 19852 --- [           main] org.hibernate.type.BasicTypeRegistry     : Adding type registration OffsetDateTimeWithTimezone -> org.hibernate.type.BasicTypeReference@5c1b89ac
2025-01-06T09:55:48.970+07:00 DEBUG 19852 --- [           main] org.hibernate.type.BasicTypeRegistry     : Adding type registration OffsetDateTimeWithoutTimezone -> org.hibernate.type.BasicTypeReference@40a1b6d4
2025-01-06T09:55:48.970+07:00 DEBUG 19852 --- [           main] org.hibernate.type.BasicTypeRegistry     : Adding type registration OffsetTime -> org.hibernate.type.BasicTypeReference@175581eb
2025-01-06T09:55:48.970+07:00 DEBUG 19852 --- [           main] org.hibernate.type.BasicTypeRegistry     : Adding type registration java.time.OffsetTime -> org.hibernate.type.BasicTypeReference@175581eb
2025-01-06T09:55:48.970+07:00 DEBUG 19852 --- [           main] org.hibernate.type.BasicTypeRegistry     : Adding type registration OffsetTimeUtc -> org.hibernate.type.BasicTypeReference@2b79c8ff
2025-01-06T09:55:48.970+07:00 DEBUG 19852 --- [           main] org.hibernate.type.BasicTypeRegistry     : Adding type registration OffsetTimeWithTimezone -> org.hibernate.type.BasicTypeReference@2baf72d5
2025-01-06T09:55:48.970+07:00 DEBUG 19852 --- [           main] org.hibernate.type.BasicTypeRegistry     : Adding type registration OffsetTimeWithoutTimezone -> org.hibernate.type.BasicTypeReference@66756662
2025-01-06T09:55:48.970+07:00 DEBUG 19852 --- [           main] org.hibernate.type.BasicTypeRegistry     : Adding type registration ZonedDateTime -> org.hibernate.type.BasicTypeReference@5d14e99e
2025-01-06T09:55:48.971+07:00 DEBUG 19852 --- [           main] org.hibernate.type.BasicTypeRegistry     : Adding type registration java.time.ZonedDateTime -> org.hibernate.type.BasicTypeReference@5d14e99e
2025-01-06T09:55:48.971+07:00 DEBUG 19852 --- [           main] org.hibernate.type.BasicTypeRegistry     : Adding type registration ZonedDateTimeWithTimezone -> org.hibernate.type.BasicTypeReference@38cfecf3
2025-01-06T09:55:48.971+07:00 DEBUG 19852 --- [           main] org.hibernate.type.BasicTypeRegistry     : Adding type registration ZonedDateTimeWithoutTimezone -> org.hibernate.type.BasicTypeReference@682618e5
2025-01-06T09:55:48.971+07:00 DEBUG 19852 --- [           main] org.hibernate.type.BasicTypeRegistry     : Adding type registration date -> org.hibernate.type.BasicTypeReference@25ad25f5
2025-01-06T09:55:48.971+07:00 DEBUG 19852 --- [           main] org.hibernate.type.BasicTypeRegistry     : Adding type registration java.sql.Date -> org.hibernate.type.BasicTypeReference@25ad25f5
2025-01-06T09:55:48.971+07:00 DEBUG 19852 --- [           main] org.hibernate.type.BasicTypeRegistry     : Adding type registration time -> org.hibernate.type.BasicTypeReference@5f0f70c7
2025-01-06T09:55:48.971+07:00 DEBUG 19852 --- [           main] org.hibernate.type.BasicTypeRegistry     : Adding type registration java.sql.Time -> org.hibernate.type.BasicTypeReference@5f0f70c7
2025-01-06T09:55:48.971+07:00 DEBUG 19852 --- [           main] org.hibernate.type.BasicTypeRegistry     : Adding type registration timestamp -> org.hibernate.type.BasicTypeReference@1860a7a1
2025-01-06T09:55:48.971+07:00 DEBUG 19852 --- [           main] org.hibernate.type.BasicTypeRegistry     : Adding type registration java.sql.Timestamp -> org.hibernate.type.BasicTypeReference@1860a7a1
2025-01-06T09:55:48.972+07:00 DEBUG 19852 --- [           main] org.hibernate.type.BasicTypeRegistry     : Adding type registration java.util.Date -> org.hibernate.type.BasicTypeReference@1860a7a1
2025-01-06T09:55:48.972+07:00 DEBUG 19852 --- [           main] org.hibernate.type.BasicTypeRegistry     : Adding type registration calendar -> org.hibernate.type.BasicTypeReference@40d96578
2025-01-06T09:55:48.972+07:00 DEBUG 19852 --- [           main] org.hibernate.type.BasicTypeRegistry     : Adding type registration java.util.Calendar -> org.hibernate.type.BasicTypeReference@40d96578
2025-01-06T09:55:48.972+07:00 DEBUG 19852 --- [           main] org.hibernate.type.BasicTypeRegistry     : Adding type registration java.util.GregorianCalendar -> org.hibernate.type.BasicTypeReference@40d96578
2025-01-06T09:55:48.972+07:00 DEBUG 19852 --- [           main] org.hibernate.type.BasicTypeRegistry     : Adding type registration calendar_date -> org.hibernate.type.BasicTypeReference@c97721b
2025-01-06T09:55:48.972+07:00 DEBUG 19852 --- [           main] org.hibernate.type.BasicTypeRegistry     : Adding type registration calendar_time -> org.hibernate.type.BasicTypeReference@283ab206
2025-01-06T09:55:48.972+07:00 DEBUG 19852 --- [           main] org.hibernate.type.BasicTypeRegistry     : Adding type registration instant -> org.hibernate.type.BasicTypeReference@35fa450f
2025-01-06T09:55:48.972+07:00 DEBUG 19852 --- [           main] org.hibernate.type.BasicTypeRegistry     : Adding type registration java.time.Instant -> org.hibernate.type.BasicTypeReference@35fa450f
2025-01-06T09:55:48.972+07:00 DEBUG 19852 --- [           main] org.hibernate.type.BasicTypeRegistry     : Adding type registration uuid -> org.hibernate.type.BasicTypeReference@3e03046d
2025-01-06T09:55:48.972+07:00 DEBUG 19852 --- [           main] org.hibernate.type.BasicTypeRegistry     : Adding type registration java.util.UUID -> org.hibernate.type.BasicTypeReference@3e03046d
2025-01-06T09:55:48.973+07:00 DEBUG 19852 --- [           main] org.hibernate.type.BasicTypeRegistry     : Adding type registration pg-uuid -> org.hibernate.type.BasicTypeReference@3e03046d
2025-01-06T09:55:48.973+07:00 DEBUG 19852 --- [           main] org.hibernate.type.BasicTypeRegistry     : Adding type registration uuid-binary -> org.hibernate.type.BasicTypeReference@9b3be1c
2025-01-06T09:55:48.973+07:00 DEBUG 19852 --- [           main] org.hibernate.type.BasicTypeRegistry     : Adding type registration uuid-char -> org.hibernate.type.BasicTypeReference@74e497ae
2025-01-06T09:55:48.973+07:00 DEBUG 19852 --- [           main] org.hibernate.type.BasicTypeRegistry     : Adding type registration class -> org.hibernate.type.BasicTypeReference@13516600
2025-01-06T09:55:48.973+07:00 DEBUG 19852 --- [           main] org.hibernate.type.BasicTypeRegistry     : Adding type registration java.lang.Class -> org.hibernate.type.BasicTypeReference@13516600
2025-01-06T09:55:48.973+07:00 DEBUG 19852 --- [           main] org.hibernate.type.BasicTypeRegistry     : Adding type registration currency -> org.hibernate.type.BasicTypeReference@35d7386b
2025-01-06T09:55:48.973+07:00 DEBUG 19852 --- [           main] org.hibernate.type.BasicTypeRegistry     : Adding type registration Currency -> org.hibernate.type.BasicTypeReference@35d7386b
2025-01-06T09:55:48.973+07:00 DEBUG 19852 --- [           main] org.hibernate.type.BasicTypeRegistry     : Adding type registration java.util.Currency -> org.hibernate.type.BasicTypeReference@35d7386b
2025-01-06T09:55:48.973+07:00 DEBUG 19852 --- [           main] org.hibernate.type.BasicTypeRegistry     : Adding type registration locale -> org.hibernate.type.BasicTypeReference@21002393
2025-01-06T09:55:48.973+07:00 DEBUG 19852 --- [           main] org.hibernate.type.BasicTypeRegistry     : Adding type registration java.util.Locale -> org.hibernate.type.BasicTypeReference@21002393
2025-01-06T09:55:48.974+07:00 DEBUG 19852 --- [           main] org.hibernate.type.BasicTypeRegistry     : Adding type registration serializable -> org.hibernate.type.BasicTypeReference@718989fa
2025-01-06T09:55:48.974+07:00 DEBUG 19852 --- [           main] org.hibernate.type.BasicTypeRegistry     : Adding type registration java.io.Serializable -> org.hibernate.type.BasicTypeReference@718989fa
2025-01-06T09:55:48.974+07:00 DEBUG 19852 --- [           main] org.hibernate.type.BasicTypeRegistry     : Adding type registration timezone -> org.hibernate.type.BasicTypeReference@69f080ad
2025-01-06T09:55:48.974+07:00 DEBUG 19852 --- [           main] org.hibernate.type.BasicTypeRegistry     : Adding type registration java.util.TimeZone -> org.hibernate.type.BasicTypeReference@69f080ad
2025-01-06T09:55:48.974+07:00 DEBUG 19852 --- [           main] org.hibernate.type.BasicTypeRegistry     : Adding type registration ZoneOffset -> org.hibernate.type.BasicTypeReference@6568f998
2025-01-06T09:55:48.974+07:00 DEBUG 19852 --- [           main] org.hibernate.type.BasicTypeRegistry     : Adding type registration java.time.ZoneOffset -> org.hibernate.type.BasicTypeReference@6568f998
2025-01-06T09:55:48.974+07:00 DEBUG 19852 --- [           main] org.hibernate.type.BasicTypeRegistry     : Adding type registration url -> org.hibernate.type.BasicTypeReference@45d4421d
2025-01-06T09:55:48.974+07:00 DEBUG 19852 --- [           main] org.hibernate.type.BasicTypeRegistry     : Adding type registration java.net.URL -> org.hibernate.type.BasicTypeReference@45d4421d
2025-01-06T09:55:48.974+07:00 DEBUG 19852 --- [           main] org.hibernate.type.BasicTypeRegistry     : Adding type registration vector -> org.hibernate.type.BasicTypeReference@782fd504
2025-01-06T09:55:48.975+07:00 DEBUG 19852 --- [           main] org.hibernate.type.BasicTypeRegistry     : Adding type registration row_version -> org.hibernate.type.BasicTypeReference@1537c744
2025-01-06T09:55:48.979+07:00 DEBUG 19852 --- [           main] org.hibernate.type.BasicTypeRegistry     : Adding type registration object -> org.hibernate.type.JavaObjectType@26fadd98
2025-01-06T09:55:48.979+07:00 DEBUG 19852 --- [           main] org.hibernate.type.BasicTypeRegistry     : Adding type registration java.lang.Object -> org.hibernate.type.JavaObjectType@26fadd98
2025-01-06T09:55:48.980+07:00 DEBUG 19852 --- [           main] org.hibernate.type.BasicTypeRegistry     : Adding type registration null -> org.hibernate.type.NullType@120df990
2025-01-06T09:55:48.981+07:00 DEBUG 19852 --- [           main] org.hibernate.type.BasicTypeRegistry     : Adding type registration imm_date -> org.hibernate.type.BasicTypeReference@b506ed0
2025-01-06T09:55:48.981+07:00 DEBUG 19852 --- [           main] org.hibernate.type.BasicTypeRegistry     : Adding type registration imm_time -> org.hibernate.type.BasicTypeReference@282c4da0
2025-01-06T09:55:48.981+07:00 DEBUG 19852 --- [           main] org.hibernate.type.BasicTypeRegistry     : Adding type registration imm_timestamp -> org.hibernate.type.BasicTypeReference@65f3e805
2025-01-06T09:55:48.981+07:00 DEBUG 19852 --- [           main] org.hibernate.type.BasicTypeRegistry     : Adding type registration imm_calendar -> org.hibernate.type.BasicTypeReference@18cf5c52
2025-01-06T09:55:48.981+07:00 DEBUG 19852 --- [           main] org.hibernate.type.BasicTypeRegistry     : Adding type registration imm_calendar_date -> org.hibernate.type.BasicTypeReference@10618775
2025-01-06T09:55:48.981+07:00 DEBUG 19852 --- [           main] org.hibernate.type.BasicTypeRegistry     : Adding type registration imm_calendar_time -> org.hibernate.type.BasicTypeReference@5aea8994
2025-01-06T09:55:48.981+07:00 DEBUG 19852 --- [           main] org.hibernate.type.BasicTypeRegistry     : Adding type registration imm_binary -> org.hibernate.type.BasicTypeReference@20a3e10c
2025-01-06T09:55:48.981+07:00 DEBUG 19852 --- [           main] org.hibernate.type.BasicTypeRegistry     : Adding type registration imm_serializable -> org.hibernate.type.BasicTypeReference@426c0486
2025-01-06T09:55:49.216+07:00  INFO 19852 --- [           main] o.s.o.j.p.SpringPersistenceUnitInfo      : No LoadTimeWeaver setup: ignoring JPA class transformer
2025-01-06T09:55:49.250+07:00  INFO 19852 --- [           main] com.zaxxer.hikari.HikariDataSource       : HikariPool-1 - Starting...
2025-01-06T09:55:49.420+07:00  INFO 19852 --- [           main] com.zaxxer.hikari.pool.HikariPool        : HikariPool-1 - Added connection org.postgresql.jdbc.PgConnection@c82d925
2025-01-06T09:55:49.422+07:00  INFO 19852 --- [           main] com.zaxxer.hikari.HikariDataSource       : HikariPool-1 - Start completed.
2025-01-06T09:55:49.487+07:00 DEBUG 19852 --- [           main] o.h.t.d.sql.spi.DdlTypeRegistry          : addDescriptor(2003, org.hibernate.type.descriptor.sql.internal.ArrayDdlTypeImpl@28519bfb) replaced previous registration(org.hibernate.type.descriptor.sql.internal.ArrayDdlTypeImpl@15914bb5)
2025-01-06T09:55:49.488+07:00 DEBUG 19852 --- [           main] o.h.t.d.sql.spi.DdlTypeRegistry          : addDescriptor(6, org.hibernate.type.descriptor.sql.internal.CapacityDependentDdlType@7b332b23) replaced previous registration(org.hibernate.type.descriptor.sql.internal.DdlTypeImpl@66a472b9)
2025-01-06T09:55:49.490+07:00 DEBUG 19852 --- [           main] o.h.t.d.jdbc.spi.JdbcTypeRegistry        : addDescriptor(2004, BlobTypeDescriptor(BLOB_BINDING)) replaced previous registration(BlobTypeDescriptor(DEFAULT))
2025-01-06T09:55:49.491+07:00 DEBUG 19852 --- [           main] o.h.t.d.jdbc.spi.JdbcTypeRegistry        : addDescriptor(2005, ClobTypeDescriptor(CLOB_BINDING)) replaced previous registration(ClobTypeDescriptor(DEFAULT))
2025-01-06T09:55:49.497+07:00 DEBUG 19852 --- [           main] org.hibernate.type.BasicTypeRegistry     : Adding type registration JAVA_OBJECT -> org.hibernate.type.JavaObjectType@25464154
2025-01-06T09:55:49.497+07:00 DEBUG 19852 --- [           main] org.hibernate.type.BasicTypeRegistry     : Adding type registration java.lang.Object -> org.hibernate.type.JavaObjectType@25464154
2025-01-06T09:55:49.497+07:00 DEBUG 19852 --- [           main] org.hibernate.type.BasicTypeRegistry     : Type registration key [java.lang.Object] overrode previous entry : `org.hibernate.type.JavaObjectType@26fadd98`
2025-01-06T09:55:49.501+07:00 DEBUG 19852 --- [           main] org.hibernate.type.BasicTypeRegistry     : Adding type registration org.hibernate.type.DurationType -> basicType@1(java.time.Duration,3015)
2025-01-06T09:55:49.501+07:00 DEBUG 19852 --- [           main] org.hibernate.type.BasicTypeRegistry     : Adding type registration Duration -> basicType@1(java.time.Duration,3015)
2025-01-06T09:55:49.501+07:00 DEBUG 19852 --- [           main] org.hibernate.type.BasicTypeRegistry     : Adding type registration java.time.Duration -> basicType@1(java.time.Duration,3015)
2025-01-06T09:55:49.504+07:00 DEBUG 19852 --- [           main] org.hibernate.type.BasicTypeRegistry     : Adding type registration org.hibernate.type.OffsetDateTimeType -> basicType@2(java.time.OffsetDateTime,3003)
2025-01-06T09:55:49.504+07:00 DEBUG 19852 --- [           main] org.hibernate.type.BasicTypeRegistry     : Adding type registration OffsetDateTime -> basicType@2(java.time.OffsetDateTime,3003)
2025-01-06T09:55:49.504+07:00 DEBUG 19852 --- [           main] org.hibernate.type.BasicTypeRegistry     : Adding type registration java.time.OffsetDateTime -> basicType@2(java.time.OffsetDateTime,3003)
2025-01-06T09:55:49.505+07:00 DEBUG 19852 --- [           main] org.hibernate.type.BasicTypeRegistry     : Adding type registration org.hibernate.type.ZonedDateTimeType -> basicType@3(java.time.ZonedDateTime,3003)
2025-01-06T09:55:49.505+07:00 DEBUG 19852 --- [           main] org.hibernate.type.BasicTypeRegistry     : Adding type registration ZonedDateTime -> basicType@3(java.time.ZonedDateTime,3003)
2025-01-06T09:55:49.505+07:00 DEBUG 19852 --- [           main] org.hibernate.type.BasicTypeRegistry     : Adding type registration java.time.ZonedDateTime -> basicType@3(java.time.ZonedDateTime,3003)
2025-01-06T09:55:49.505+07:00 DEBUG 19852 --- [           main] org.hibernate.type.BasicTypeRegistry     : Adding type registration org.hibernate.type.OffsetTimeType -> basicType@4(java.time.OffsetTime,3007)
2025-01-06T09:55:49.505+07:00 DEBUG 19852 --- [           main] org.hibernate.type.BasicTypeRegistry     : Adding type registration OffsetTime -> basicType@4(java.time.OffsetTime,3007)
2025-01-06T09:55:49.506+07:00 DEBUG 19852 --- [           main] org.hibernate.type.BasicTypeRegistry     : Adding type registration java.time.OffsetTime -> basicType@4(java.time.OffsetTime,3007)
2025-01-06T09:55:49.506+07:00 DEBUG 19852 --- [           main] o.h.type.spi.TypeConfiguration$Scope     : Scoping TypeConfiguration [org.hibernate.type.spi.TypeConfiguration@70c31b17] to MetadataBuildingContext [org.hibernate.boot.internal.MetadataBuildingContextRootImpl@40863800]
2025-01-06T09:55:50.428+07:00  INFO 19852 --- [           main] o.h.e.t.j.p.i.JtaPlatformInitiator       : HHH000489: No JTA platform available (set 'hibernate.transaction.jta.platform' to enable JTA platform integration)
2025-01-06T09:55:50.428+07:00 DEBUG 19852 --- [           main] o.h.type.spi.TypeConfiguration$Scope     : Scoping TypeConfiguration [org.hibernate.type.spi.TypeConfiguration@70c31b17] to SessionFactoryImplementor [org.hibernate.internal.SessionFactoryImpl@32d46229]
2025-01-06T09:55:50.555+07:00 TRACE 19852 --- [           main] o.h.type.spi.TypeConfiguration$Scope     : Handling #sessionFactoryCreated from [org.hibernate.internal.SessionFactoryImpl@32d46229] for TypeConfiguration
2025-01-06T09:55:50.555+07:00  INFO 19852 --- [           main] j.LocalContainerEntityManagerFactoryBean : Initialized JPA EntityManagerFactory for persistence unit 'default'
2025-01-06T09:55:50.824+07:00  INFO 19852 --- [           main] o.s.d.j.r.query.QueryEnhancerFactory     : Hibernate is in classpath; If applicable, HQL parser will be used.
2025-01-06T09:55:51.882+07:00  WARN 19852 --- [           main] JpaBaseConfiguration$JpaWebConfiguration : spring.jpa.open-in-view is enabled by default. Therefore, database queries may be performed during view rendering. Explicitly configure spring.jpa.open-in-view to disable this warning
2025-01-06T09:55:51.906+07:00  INFO 19852 --- [           main] r$InitializeUserDetailsManagerConfigurer : Global AuthenticationManager configured with UserDetailsService bean with name customUserDetailsService
2025-01-06T09:55:52.324+07:00 DEBUG 19852 --- [           main] o.s.s.web.DefaultSecurityFilterChain     : Will secure any request with filters: DisableEncodeUrlFilter, WebAsyncManagerIntegrationFilter, SecurityContextHolderFilter, HeaderWriterFilter, CorsFilter, LogoutFilter, BearerTokenAuthenticationFilter, RequestCacheAwareFilter, SecurityContextHolderAwareRequestFilter, AnonymousAuthenticationFilter, ExceptionTranslationFilter, AuthorizationFilter
2025-01-06T09:55:52.638+07:00  INFO 19852 --- [           main] com.vtn.Yame.YameApplicationTests        : Started YameApplicationTests in 5.519 seconds (process running for 6.455)
]]></system-out>
  </testcase>
</testsuite>